<?xml version="1.0" encoding="UTF-8"?>
<!-- Generated by org.testng.reporters.JUnitReportReporter -->
<testsuite hostname="ShishiraReddy" failures="0" tests="5" name="testngframew.Demo3" time="-1721575552.000" errors="1" timestamp="2024-07-21T20:55:34 IST" skipped="4">
  <testcase classname="testngframew.Demo3" name="beforemethod" time="-1721575552.000">
    <error message="
Parameter &#039;URL&#039; is required by BeforeMethod on method beforemethod but has not been marked @Optional or defined
in C:\Users\shishirareddy\AppData\Local\Temp\testng-eclipse--1693964898\testng-customsuite.xml" type="org.testng.TestNGException">
      <![CDATA[org.testng.TestNGException: 
Parameter 'URL' is required by BeforeMethod on method beforemethod but has not been marked @Optional or defined
in C:\Users\shishirareddy\AppData\Local\Temp\testng-eclipse--1693964898\testng-customsuite.xml
at org.testng.internal.Parameters.createParams(Parameters.java:270)
at org.testng.internal.Parameters.createParametersForMethod(Parameters.java:358)
at org.testng.internal.Parameters.createParameters(Parameters.java:700)
at org.testng.internal.Parameters.createConfigurationParameters(Parameters.java:168)
at org.testng.internal.ConfigInvoker.invokeConfigurations(ConfigInvoker.java:302)
at org.testng.internal.TestInvoker.runConfigMethods(TestInvoker.java:700)
at org.testng.internal.TestInvoker.invokeMethod(TestInvoker.java:527)
at org.testng.internal.TestInvoker.invokeTestMethod(TestInvoker.java:173)
at org.testng.internal.MethodRunner.runInSequence(MethodRunner.java:46)
at org.testng.internal.TestInvoker$MethodInvocationAgent.invoke(TestInvoker.java:824)
at org.testng.internal.TestInvoker.invokeTestMethods(TestInvoker.java:146)
at org.testng.internal.TestMethodWorker.invokeTestMethods(TestMethodWorker.java:146)
at org.testng.internal.TestMethodWorker.run(TestMethodWorker.java:128)
at java.base/java.util.ArrayList.forEach(ArrayList.java:1597)
at org.testng.TestRunner.privateRun(TestRunner.java:794)
at org.testng.TestRunner.run(TestRunner.java:596)
at org.testng.SuiteRunner.runTest(SuiteRunner.java:377)
at org.testng.SuiteRunner.runSequentially(SuiteRunner.java:371)
at org.testng.SuiteRunner.privateRun(SuiteRunner.java:332)
at org.testng.SuiteRunner.run(SuiteRunner.java:276)
at org.testng.SuiteRunnerWorker.runSuite(SuiteRunnerWorker.java:53)
at org.testng.SuiteRunnerWorker.run(SuiteRunnerWorker.java:96)
at org.testng.TestNG.runSuitesSequentially(TestNG.java:1212)
at org.testng.TestNG.runSuitesLocally(TestNG.java:1134)
at org.testng.TestNG.runSuites(TestNG.java:1063)
at org.testng.TestNG.run(TestNG.java:1031)
at org.testng.remote.AbstractRemoteTestNG.run(AbstractRemoteTestNG.java:115)
at org.testng.remote.RemoteTestNG.initAndRun(RemoteTestNG.java:293)
at org.testng.remote.RemoteTestNG.main(RemoteTestNG.java:91)
]]>
    </error>
  </testcase> <!-- beforemethod -->
  <system-out/>
  <testcase classname="testngframew.Demo3" name="nissancarloan" time="0.000">
    <skipped/>
  </testcase> <!-- nissancarloan -->
  <system-out/>
  <testcase classname="testngframew.Demo3" name="Mobilelogincar" time="0.000">
    <skipped/>
  </testcase> <!-- Mobilelogincar -->
  <system-out/>
  <testcase classname="testngframew.Demo3" name="APIlogincar" time="0.000">
    <skipped/>
  </testcase> <!-- APIlogincar -->
  <system-out/>
  <testcase classname="testngframew.Demo3" name="Weblogincar" time="0.000">
    <skipped/>
  </testcase> <!-- Weblogincar -->
  <system-out/>
</testsuite> <!-- testngframew.Demo3 -->
